<?xml version="1.0" encoding="UTF-8"?>
<!-- Generated by org.testng.reporters.JUnitReportReporter -->
<testsuite hostname="DESKTOP-UEC7B3F" failures="0" tests="2" name="projectdemo.BrowserLaunch" time="20.584" errors="0" timestamp="15 Jul 2020 18:16:44 GMT">
  <testcase classname="projectdemo.BrowserLaunch" name="browserQuit" time="0.656"/>
  <testcase classname="projectdemo.BrowserLaunch" name="browserLaunch" time="19.928"/>
</testsuite> <!-- projectdemo.BrowserLaunch -->
